Info: Starting: Create simulation model
Info: qsys-generate c:\work\pj104\code\1611\CE\src\RAM_FIFO\RAM_idct_aftIFFT.qsys --simulation=VERILOG --output-directory=C:\work\pj104\code\1611\CE\src\RAM_FIFO\RAM_idct_aftIFFT --family="Arria 10" --part=10AX115U3F45E2SGE3
Progress: Loading RAM_FIFO/RAM_idct_aftIFFT.qsys
Progress: Reading input file
Progress: Adding ram_2port_0 [ram_2port 15.1]
Progress: Parameterizing module ram_2port_0
Progress: Building connections
Progress: Parameterizing connections
Progress: Validating
Progress: Done reading input file
: RAM_idct_aftIFFT.ram_2port_0: Targeting device family: Arria 10.
: RAM_idct_aftIFFT.ram_2port_0: 'q_a' output bus width will be ignored while using one read port and one write port mode.
: RAM_idct_aftIFFT.ram_2port_0: Tab Output2 is unavailable while using one read port and one write port.
Info: RAM_idct_aftIFFT: "Transforming system: RAM_idct_aftIFFT"
Info: RAM_idct_aftIFFT: Running transform generation_view_transform
Info: RAM_idct_aftIFFT: Running transform generation_view_transform took 0.000s
Info: ram_2port_0: Running transform generation_view_transform
Info: ram_2port_0: Running transform generation_view_transform took 0.000s
Info: RAM_idct_aftIFFT: Running transform merlin_avalon_transform
Info: RAM_idct_aftIFFT: Running transform merlin_avalon_transform took 0.085s
Info: RAM_idct_aftIFFT: "Naming system components in system: RAM_idct_aftIFFT"
Info: RAM_idct_aftIFFT: "Processing generation queue"
Info: RAM_idct_aftIFFT: "Generating: RAM_idct_aftIFFT"
Info: RAM_idct_aftIFFT: "Generating: RAM_idct_aftIFFT_ram_2port_151_65vwdsi"
Info: RAM_idct_aftIFFT: Done "RAM_idct_aftIFFT" with 2 modules, 2 files
Info: qsys-generate succeeded.
Info: Finished: Create simulation model
Info: Starting: Create Modelsim Project.
Info: sim-script-gen --spd=C:\work\pj104\code\1611\CE\src\RAM_FIFO\RAM_idct_aftIFFT\RAM_idct_aftIFFT.spd --output-directory=C:/work/pj104/code/1611/CE/src/RAM_FIFO/RAM_idct_aftIFFT/sim/ --use-relative-paths=true
Info: Doing: ip-make-simscript --spd=C:\work\pj104\code\1611\CE\src\RAM_FIFO\RAM_idct_aftIFFT\RAM_idct_aftIFFT.spd --output-directory=C:/work/pj104/code/1611/CE/src/RAM_FIFO/RAM_idct_aftIFFT/sim/ --use-relative-paths=true
Info: Generating the following file(s) for MODELSIM simulator in C:/work/pj104/code/1611/CE/src/RAM_FIFO/RAM_idct_aftIFFT/sim/ directory:
Info: 	mentor/msim_setup.tcl
Info: Generating the following file(s) for VCS simulator in C:/work/pj104/code/1611/CE/src/RAM_FIFO/RAM_idct_aftIFFT/sim/ directory:
Info: 	synopsys/vcs/vcs_setup.sh
Info: Generating the following file(s) for VCSMX simulator in C:/work/pj104/code/1611/CE/src/RAM_FIFO/RAM_idct_aftIFFT/sim/ directory:
Info: 	synopsys/vcsmx/synopsys_sim.setup
Info: 	synopsys/vcsmx/vcsmx_setup.sh
Info: Generating the following file(s) for NCSIM simulator in C:/work/pj104/code/1611/CE/src/RAM_FIFO/RAM_idct_aftIFFT/sim/ directory:
Info: 	cadence/cds.lib
Info: 	cadence/hdl.var
Info: 	cadence/ncsim_setup.sh
Info: 	1 .cds.lib files in cadence/cds_libs/ directory
Info: Generating the following file(s) for RIVIERA simulator in C:/work/pj104/code/1611/CE/src/RAM_FIFO/RAM_idct_aftIFFT/sim/ directory:
Info: 	aldec/rivierapro_setup.tcl
Info: For information on how to simulate your IP, see the explanatory comments in the simulator-specific subdirectories under C:/work/pj104/code/1611/CE/src/RAM_FIFO/RAM_idct_aftIFFT/sim/.
Info: Finished: Create Modelsim Project.
Info: 
Info: Starting: Create HDL design files for synthesis
Info: qsys-generate c:\work\pj104\code\1611\CE\src\RAM_FIFO\RAM_idct_aftIFFT.qsys --synthesis=VERILOG --output-directory=C:\work\pj104\code\1611\CE\src\RAM_FIFO\RAM_idct_aftIFFT --family="Arria 10" --part=10AX115U3F45E2SGE3
Progress: Loading RAM_FIFO/RAM_idct_aftIFFT.qsys
Progress: Reading input file
Progress: Adding ram_2port_0 [ram_2port 15.1]
Progress: Parameterizing module ram_2port_0
Progress: Building connections
Progress: Parameterizing connections
Progress: Validating
Progress: Done reading input file
: RAM_idct_aftIFFT.ram_2port_0: Targeting device family: Arria 10.
: RAM_idct_aftIFFT.ram_2port_0: 'q_a' output bus width will be ignored while using one read port and one write port mode.
: RAM_idct_aftIFFT.ram_2port_0: Tab Output2 is unavailable while using one read port and one write port.
Info: RAM_idct_aftIFFT: "Transforming system: RAM_idct_aftIFFT"
Info: RAM_idct_aftIFFT: Running transform generation_view_transform
Info: RAM_idct_aftIFFT: Running transform generation_view_transform took 0.000s
Info: ram_2port_0: Running transform generation_view_transform
Info: ram_2port_0: Running transform generation_view_transform took 0.000s
Info: RAM_idct_aftIFFT: Running transform merlin_avalon_transform
Info: RAM_idct_aftIFFT: Running transform merlin_avalon_transform took 0.007s
Info: RAM_idct_aftIFFT: "Naming system components in system: RAM_idct_aftIFFT"
Info: RAM_idct_aftIFFT: "Processing generation queue"
Info: RAM_idct_aftIFFT: "Generating: RAM_idct_aftIFFT"
Info: RAM_idct_aftIFFT: "Generating: RAM_idct_aftIFFT_ram_2port_151_65vwdsi"
Info: RAM_idct_aftIFFT: Done "RAM_idct_aftIFFT" with 2 modules, 3 files
Info: qsys-generate succeeded.
Info: Finished: Create HDL design files for synthesis
